app/build/outputs/mapping/release/seeds.txt
org.systers.mentorship.models.HomeStatistics: int getPendingRequests()
org.systers.mentorship.remote.requests.ChangePassword: java.lang.String component1()
org.systers.mentorship.view.fragments.RequestPagerFragment: RequestPagerFragment()
org.systers.mentorship.R$id: int right
org.systers.mentorship.R$id: int enterAlways
org.systers.mentorship.R$id: int search_item
org.systers.mentorship.R$id: int auto
org.systers.mentorship.R$id: int rvAchievements
org.systers.mentorship.models.User: User(java.lang.Integer,java.lang.String,java.lang.String,java.lang.String,java.lang.String,java.lang.String,java.lang.String,java.lang.String,java.lang.String,java.lang.String,java.lang.Boolean,java.lang.Boolean,java.lang.String,int,kotlin.jvm.internal.DefaultConstructorMarker)
org.systers.mentorship.R$id: int action_mode_bar_stub
org.systers.mentorship.models.Relationship: void writeToParcel(android.os.Parcel,int)
org.systers.mentorship.R$id: int etPassword
org.systers.mentorship.models.Relationship$Creator: java.lang.Object[] newArray(int)
org.systers.mentorship.R$id: int unchecked
org.systers.mentorship.R$id: int on
org.systers.mentorship.R$id: int text_input_end_icon
org.systers.mentorship.remote.requests.PaginationRequest: int component2()
org.systers.mentorship.R$id: int textinput_helper_text
org.systers.mentorship.remote.responses.JwtPayload: boolean equals(java.lang.Object)
org.systers.mentorship.models.Relationship: int id
org.systers.mentorship.R$id: int textView3
org.systers.mentorship.remote.responses.JwtPayload: java.lang.String toString()
org.systers.mentorship.remote.responses.AuthToken
org.systers.mentorship.R$id: int showCustom
org.systers.mentorship.remote.responses.CustomResponse: CustomResponse(java.lang.String)
org.systers.mentorship.view.activities.RequestDetailActivity: RequestDetailActivity()
org.systers.mentorship.models.HomeStatistics: java.util.List getAchievements()
org.systers.mentorship.R$id: int mtrl_calendar_year_selector_frame
org.systers.mentorship.R$id: int accessibility_custom_action_5
org.systers.mentorship.R$id: int largeLabel
org.systers.mentorship.view.fragments.MembersFragment$SortValues: org.systers.mentorship.view.fragments.MembersFragment$SortValues valueOf(java.lang.String)
org.systers.mentorship.models.Relationship: Relationship(int,int,boolean,org.systers.mentorship.models.Relationship$RelationUserResponse,org.systers.mentorship.models.Relationship$RelationUserResponse,float,float,float,float,int,java.lang.String)
org.systers.mentorship.R$id: int mtrl_internal_children_alpha_tag
org.systers.mentorship.models.HomeStatistics: java.lang.String component1()
org.systers.mentorship.viewmodels.RequestDetailViewModel: RequestDetailViewModel()
org.systers.mentorship.R$id: int accessibility_custom_action_24
org.systers.mentorship.models.Task: java.lang.String component2()
org.systers.mentorship.remote.responses.JwtPayload: boolean fresh
org.systers.mentorship.R$id: int done
org.systers.mentorship.remote.responses.CustomResponse: org.systers.mentorship.remote.responses.CustomResponse copy(java.lang.String)
org.systers.mentorship.R$id: int srlMembers
org.systers.mentorship.remote.responses.JwtPayload: long getExp()
org.systers.mentorship.R$id: int accessibility_custom_action_2
org.systers.mentorship.models.User: java.lang.String skills
org.systers.mentorship.R$id: int tvRelationNotes
org.systers.mentorship.R$id: int dropdown_menu
org.systers.mentorship.R$id: int groups
org.systers.mentorship.R$id: int mtrl_calendar_text_input_frame
org.systers.mentorship.remote.responses.AuthToken: AuthToken(java.lang.String,float)
org.systers.mentorship.viewmodels.LoginViewModel: LoginViewModel()
org.systers.mentorship.R$id: int design_bottom_sheet
org.systers.mentorship.remote.requests.RelationshipRequest: int component1()
org.systers.mentorship.R$id: int tag_accessibility_clickable_spans
org.systers.mentorship.remote.requests.Register: boolean termsAndConditionsChecked
...
androidx.appcompat.resources.R$styleable: int[] FontFamilyFont
com.github.paolorotolo.appintro.R$color: int abc_tint_spinner
androidx.appcompat.widget.ContentFrameLayout: android.util.TypedValue getFixedWidthMajor()
com.google.android.material.R$dimen: int mtrl_alert_dialog_background_inset_start
com.google.android.material.R$style: int Base_ThemeOverlay_AppCompat_Dark
com.google.android.material.R$id: int month_grid
com.google.android.material.textfield.TextInputLayout: void setErrorTextAppearance(int)
androidx.viewpager.widget.ViewPager: void calculatePageOffsets(androidx.viewpager.widget.ViewPager$ItemInfo,int,androidx.viewpager.widget.ViewPager$ItemInfo)
androidx.appcompat.R$id: int icon_group
androidx.constraintlayout.widget.R$styleable: int ConstraintLayout_Layout_android_minWidth
androidx.databinding.library.R$id: int top
androidx.appcompat.R$drawable: int abc_switch_thumb_material
androidx.fragment.app.Fragment: androidx.fragment.app.FragmentManager requireFragmentManager()
androidx.recyclerview.widget.RecyclerView: int mScrollState
com.google.android.material.tabs.TabLayout: void setUnboundedRipple(boolean)
androidx.fragment.app.Fragment: androidx.fragment.app.FragmentManager mChildFragmentManager
com.github.paolorotolo.appintro.R$styleable: int[] ActionMenuItemView
com.github.paolorotolo.appintro.R$style: int Widget_AppCompat_ActionBar_TabBar
androidx.appcompat.R$dimen: int abc_action_bar_overflow_padding_start_material
com.google.android.material.floatingactionbutton.FloatingActionButton: android.content.res.ColorStateList getSupportBackgroundTintList()
com.github.paolorotolo.appintro.R$attr: int actionModeCloseDrawable
com.github.paolorotolo.appintro.R$styleable: int StateListDrawable_android_enterFadeDuration
com.github.paolorotolo.appintro.model.SliderPage: java.lang.String getTitleTypeface()
com.google.android.material.R$attr: int tabIndicatorAnimationDuration
androidx.appcompat.R$styleable: int TextAppearance_android_textSize
androidx.appcompat.R$layout: int abc_list_menu_item_checkbox
com.github.paolorotolo.appintro.R$id: int search_badge
com.github.paolorotolo.appintro.AppIntroBase$WindowGestureListener: com.github.paolorotolo.appintro.AppIntroBase this$0
androidx.appcompat.R$id: int accessibility_custom_action_21
com.google.android.material.R$styleable: int[] BottomAppBar
com.github.paolorotolo.appintro.R$id: int scrollIndicatorDown
androidx.appcompat.resources.R$drawable: int notification_template_icon_bg
androidx.fragment.R$id: int accessibility_custom_action_5
com.github.paolorotolo.appintro.R$style: int Widget_AppCompat_ButtonBar
androidx.constraintlayout.widget.R$styleable: int ConstraintSet_layout_goneMarginRight
de.hdodenhof.circleimageview.CircleImageView: void setDisableCircularTransformation(boolean)
com.google.android.material.R$attr: int cornerSizeTopRight
com.google.android.material.R$styleable: int MaterialCalendarItem_itemShapeAppearanceOverlay
com.google.android.material.R$dimen: int mtrl_chip_text_size
androidx.appcompat.R$color: int abc_search_url_text
androidx.recyclerview.widget.RecyclerView: boolean setChildImportantForAccessibilityInternal(androidx.recyclerview.widget.RecyclerView$ViewHolder,int)
androidx.swiperefreshlayout.R$styleable: int FontFamily_fontProviderFetchTimeout
androidx.core.app.ComponentActivity: void putExtraData(androidx.core.app.ComponentActivity$ExtraData)
com.github.paolorotolo.appintro.R$style: int Widget_AppCompat_Light_SearchView
com.google.android.material.R$styleable: int LinearLayoutCompat_android_gravity
androidx.appcompat.resources.R$drawable: int notification_action_background
com.github.paolorotolo.appintro.AppIntroBase: int currentlySelectedItem
androidx.appcompat.R$attr: int actionBarSize
androidx.appcompat.R$layout: int abc_expanded_menu_layout
com.github.paolorotolo.appintro.R$style: int TextAppearance_AppCompat_Widget_DropDownItem
androidx.appcompat.R$drawable: int notification_tile_bg