app/build/outputs/mapping/release/mapping.txt
# compiler: R8
# compiler_version: 2.0.88
# min_api: 19
# pg_map_id: 9bb45e7
# common_typos_disable
org.systers.mentorship.DataBinderMapperImpl -> org.systers.mentorship.a:
    android.util.SparseIntArray INTERNAL_LAYOUT_ID_LOOKUP -> a
    java.util.List collectDependencies() -> a
    androidx.databinding.ViewDataBinding getDataBinder(androidx.databinding.DataBindingComponent,android.view.View,int) -> b
    androidx.databinding.ViewDataBinding getDataBinder(androidx.databinding.DataBindingComponent,android.view.View[],int) -> c
org.systers.mentorship.MentorshipApplication -> org.systers.mentorship.MentorshipApplication:
    org.systers.mentorship.MentorshipApplication$Companion Companion -> f
    org.systers.mentorship.MentorshipApplication instance -> e
    org.systers.mentorship.MentorshipApplication access$getInstance$cp() -> a
org.systers.mentorship.MentorshipApplication$Companion -> org.systers.mentorship.MentorshipApplication$a:
    android.content.Context getContext() -> a
    org.systers.mentorship.MentorshipApplication getInstance() -> b
org.systers.mentorship.R$id -> org.systers.mentorship.b:
org.systers.mentorship.databinding.FragmentEditProfileBinding -> org.systers.mentorship.c.a:
    android.widget.Switch switchAvailableToMentor -> r
    android.widget.Switch switchNeedsMentoring -> s
    com.google.android.material.textfield.TextInputLayout tiName -> t
    android.widget.TextView tvEmail -> u
    android.widget.TextView tvUsername -> v
    org.systers.mentorship.models.User mUser -> w
    org.systers.mentorship.models.User getUser() -> x
    void setUser(org.systers.mentorship.models.User) -> y
org.systers.mentorship.databinding.FragmentEditProfileBindingImpl -> org.systers.mentorship.c.b:
    com.google.android.material.textfield.TextInputEditText mboundView3 -> B
    androidx.databinding.InverseBindingListener mboundView8androidTextAttrChanged -> M
    com.google.android.material.textfield.TextInputEditText mboundView6 -> C
    androidx.databinding.InverseBindingListener mboundView7androidTextAttrChanged -> L
    androidx.databinding.InverseBindingListener mboundView6androidTextAttrChanged -> K
    com.google.android.material.textfield.TextInputEditText mboundView12 -> A
    androidx.databinding.InverseBindingListener mboundView3androidTextAttrChanged -> J
    androidx.databinding.InverseBindingListener tvEmailandroidTextAttrChanged -> Q
    androidx.databinding.InverseBindingListener switchNeedsMentoringandroidCheckedAttrChanged -> P
    androidx.databinding.InverseBindingListener switchAvailableToMentorandroidCheckedAttrChanged -> O
    androidx.databinding.InverseBindingListener mboundView9androidTextAttrChanged -> N
    com.google.android.material.textfield.TextInputEditText mboundView11 -> z
    com.google.android.material.textfield.TextInputEditText mboundView10 -> y
    androidx.databinding.InverseBindingListener mboundView12androidTextAttrChanged -> I
    android.widget.ScrollView mboundView0 -> x
    androidx.databinding.InverseBindingListener mboundView11androidTextAttrChanged -> H
org.systers.mentorship.databinding.FragmentEditProfileBindingImpl$1 -> org.systers.mentorship.c.b$d:
    org.systers.mentorship.databinding.FragmentEditProfileBindingImpl this$0 -> a
    void onChange() -> a
org.systers.mentorship.databinding.FragmentEditProfileBindingImpl$10 -> org.systers.mentorship.c.b$a:
    org.systers.mentorship.databinding.FragmentEditProfileBindingImpl this$0 -> a
    void onChange() -> a
org.systers.mentorship.databinding.FragmentEditProfileBindingImpl$11 -> org.systers.mentorship.c.b$b:
    org.systers.mentorship.databinding.FragmentEditProfileBindingImpl this$0 -> a
    void onChange() -> a
org.systers.mentorship.databinding.FragmentEditProfileBindingImpl$12 -> org.systers.mentorship.c.b$c:
    org.systers.mentorship.databinding.FragmentEditProfileBindingImpl this$0 -> a
    void onChange() -> a
...
androidx.appcompat.view.SupportActionModeWrapper$CallbackWrapper -> b.a.n.f$a:
    android.content.Context mContext -> b
    androidx.collection.SimpleArrayMap mMenus -> d
    android.view.ActionMode$Callback mWrappedCallback -> a
    java.util.ArrayList mActionModes -> c
    boolean onPrepareActionMode(androidx.appcompat.view.ActionMode,android.view.Menu) -> a
    boolean onActionItemClicked(androidx.appcompat.view.ActionMode,android.view.MenuItem) -> b
    boolean onCreateActionMode(androidx.appcompat.view.ActionMode,android.view.Menu) -> c
    void onDestroyActionMode(androidx.appcompat.view.ActionMode) -> d
    android.view.ActionMode getActionModeWrapper(androidx.appcompat.view.ActionMode) -> e
    android.view.Menu getMenuWrapper(android.view.Menu) -> f
androidx.appcompat.view.SupportMenuInflater -> b.a.n.g:
    java.lang.Class[] ACTION_VIEW_CONSTRUCTOR_SIGNATURE -> e
    java.lang.Object[] mActionProviderConstructorArguments -> b
    android.content.Context mContext -> c
    java.lang.Class[] ACTION_PROVIDER_CONSTRUCTOR_SIGNATURE -> f
    java.lang.Object[] mActionViewConstructorArguments -> a
    java.lang.Object mRealOwner -> d
    java.lang.Object findRealOwner(java.lang.Object) -> a
    java.lang.Object getRealOwner() -> b
    void parseMenu(org.xmlpull.v1.XmlPullParser,android.util.AttributeSet,android.view.Menu) -> c
androidx.appcompat.view.SupportMenuInflater$InflatedOnMenuItemClickListener -> b.a.n.g$a:
    java.lang.Class[] PARAM_TYPES -> c
    java.lang.Object mRealOwner -> a
    java.lang.reflect.Method mMethod -> b
androidx.appcompat.view.SupportMenuInflater$MenuState -> b.a.n.g$b:
    int itemCategoryOrder -> j
    char itemAlphabeticShortcut -> n
    java.lang.CharSequence itemTooltipText -> C
    char itemNumericShortcut -> p
    boolean itemEnabled -> u
    int groupOrder -> d
    int groupId -> b
    boolean itemChecked -> s
    java.lang.String itemActionViewClassName -> x
    android.content.res.ColorStateList itemIconTintList -> D
    java.lang.String itemListenerMethodName -> z
    android.view.Menu menu -> a
    boolean groupVisible -> f
    int itemActionViewLayout -> w
    androidx.appcompat.view.SupportMenuInflater this$0 -> F
    boolean itemAdded -> h
    androidx.core.view.ActionProvider itemActionProvider -> A
    int itemNumericModifiers -> q
    int itemAlphabeticModifiers -> o
    int itemIconResId -> m
    java.lang.CharSequence itemContentDescription -> B
    int itemId -> i
    int groupCheckable -> e
    int groupCategory -> c
    java.lang.CharSequence itemTitle -> k
    boolean itemVisible -> t
    java.lang.CharSequence itemTitleCondensed -> l
    java.lang.String itemActionProviderClassName -> y
    android.graphics.PorterDuff$Mode itemIconTintMode -> E
    int itemShowAsAction -> v
    boolean groupEnabled -> g
    int itemCheckable -> r
    void addItem() -> a
    android.view.SubMenu addSubMenuItem() -> b
    char getShortcut(java.lang.String) -> c
    boolean hasAddedItem() -> d