app/build/outputs/mapping/release/usage.txt
org.systers.mentorship.remote.services.UserService:
    public abstract io.reactivex.Observable getUsers()
    public abstract io.reactivex.Observable getVerifiedUsers()
org.systers.mentorship.R$drawable
org.systers.mentorship.utils.SingleLiveEvent:
    public final void call()
org.systers.mentorship.MentorshipApplication$Companion:
    public final void setInstance(org.systers.mentorship.MentorshipApplication)
    public final org.systers.mentorship.MentorshipApplication getApplication()
org.systers.mentorship.view.activities.SignUpActivity:
    public static final synthetic java.lang.String access$getConfirmedPassword$p(org.systers.mentorship.view.activities.SignUpActivity)
    public void _$_clearFindViewByIdCache()
org.systers.mentorship.DataBinderMapperImpl$InnerLayoutIdLookup
org.systers.mentorship.view.fragments.RelationFragment$Companion:
    public final java.lang.String getTAG()
org.systers.mentorship.databinding.FragmentEditProfileBindingImpl:
    public boolean setVariable(int,java.lang.Object)
    protected boolean onFieldChange(int,java.lang.Object,int)
org.systers.mentorship.view.activities.RequestDetailActivity:
    public void _$_clearFindViewByIdCache()
org.systers.mentorship.remote.BaseUrl:
    public final java.lang.String getS3BaseUrl()
    private static final java.lang.String PROTOCOL_HTTPS
    private static final java.lang.String PRODUCTION_URL
    private static final java.lang.String DEVELOPMENT_URL
    private static final java.lang.String EB_REGION
    private static final java.lang.String PROTOCOL_S3
    private static final java.lang.String S3_BUCKET_NAME
    private static final java.lang.String S3_PRODUCTION_DIRECTORY
    private static final java.lang.String S3_DEVELOPMENT_DIRECTORY
    private static final java.lang.String LOCALHOST_URL
    private static final java.lang.String LOCALHOST_PORT
org.systers.mentorship.view.fragments.RequestsFragment:
    public static final synthetic java.lang.String access$getTAG$cp()
org.systers.mentorship.view.fragments.ChangePasswordFragment:
    public static final synthetic void access$setChangePasswordView$p(org.systers.mentorship.view.fragments.ChangePasswordFragment,android.view.View)
    public static final synthetic java.lang.String access$getConfirmPassword$p(org.systers.mentorship.view.fragments.ChangePasswordFragment)
    public android.view.View _$_findCachedViewById(int)
org.systers.mentorship.view.fragments.RequestPagerFragment$Companion:
    public final java.util.Set getDeletedRequests()
org.systers.mentorship.view.fragments.EditProfileFragment:
    public static final synthetic void access$setEditProfileBinding$p(org.systers.mentorship.view.fragments.EditProfileFragment,org.systers.mentorship.databinding.FragmentEditProfileBinding)
    public static final synthetic void access$setCurrentUser$p(org.systers.mentorship.view.fragments.EditProfileFragment,org.systers.mentorship.models.User)
    public static final synthetic org.systers.mentorship.models.User access$getTempUser$cp()
    public final void setBuilder(androidx.appcompat.app.AlertDialog)
    public android.view.View _$_findCachedViewById(int)
org.systers.mentorship.view.adapters.RequestsAdapter:
    public final android.content.Context getContext()
org.systers.mentorship.view.adapters.RequestsPagerAdapter:
    public final android.content.Context getContext()
org.systers.mentorship.R$xml
org.systers.mentorship.remote.datamanager.UserDataManager:
    public final io.reactivex.Observable getUsers()
org.systers.mentorship.R$plurals
org.systers.mentorship.view.activities.IntroActivity:
    public android.view.View _$_findCachedViewById(int)
    public void _$_clearFindViewByIdCache()
    private java.util.HashMap _$_findViewCache
org.systers.mentorship.viewmodels.MemberProfileViewModel:
    public final void setTag(java.lang.String)
    public final int getUserId()
org.systers.mentorship.R$attr
...
kotlin.jvm.JvmStatic
io.reactivex.internal.operators.observable.ObservableConcatWithMaybe
kotlin.sequences.SequencesKt
io.reactivex.internal.operators.maybe.MaybeOnErrorNext$OnErrorNextMaybeObserver$NextMaybeObserver
kotlin.text.MatcherMatchResult
androidx.core.R$styleable:
    private void <init>()
io.reactivex.internal.operators.flowable.FlowableAnySingle$AnySubscriber
io.reactivex.internal.schedulers.ImmediateThinScheduler
io.reactivex.CompletableObserver
io.reactivex.internal.schedulers.NonBlockingThread
androidx.viewpager.widget.PagerTabStrip
androidx.collection.SparseArrayKt$valueIterator$1
io.reactivex.internal.operators.observable.ObserverResourceWrapper
io.reactivex.internal.operators.observable.ObservableWindow
androidx.lifecycle.LifecycleOwnerKt
io.reactivex.internal.operators.completable.CompletableAmb$Amb
io.reactivex.internal.operators.maybe.MaybeSubscribeOn$SubscribeTask
androidx.databinding.adapters.SearchViewBindingAdapter$1
io.reactivex.internal.operators.flowable.FlowableSequenceEqual$EqualCoordinatorHelper
io.reactivex.internal.operators.observable.ObservableSkipUntil$SkipUntil
androidx.core.view.MenuKt$children$1
androidx.lifecycle.LiveDataKt
kotlinx.coroutines.flow.FlowKt__TransformKt$filterNotNull$$inlined$unsafeTransform$1
io.reactivex.internal.subscriptions.BasicIntQueueSubscription
kotlinx.coroutines.channels.ChannelsKt__Channels_commonKt$reduceIndexed$1
kotlin.KotlinVersion$Companion
kotlinx.coroutines.internal.MissingMainCoroutineDispatcher
io.reactivex.internal.operators.flowable.FlowableRangeLong$RangeConditionalSubscription
kotlinx.coroutines.flow.FlowKt__ReduceKt$first$$inlined$collect$2$1
io.reactivex.CompletableEmitter
com.google.android.material.canvas.CanvasCompat:
    private void <init>()
    public static int saveLayerAlpha(android.graphics.Canvas,android.graphics.RectF,int)
androidx.core.provider.FontsContractCompat$4$3
io.reactivex.Completable:
    public static varargs io.reactivex.Completable ambArray(io.reactivex.CompletableSource[])
    public static io.reactivex.Completable amb(java.lang.Iterable)
    public static io.reactivex.Completable complete()
    public static varargs io.reactivex.Completable concatArray(io.reactivex.CompletableSource[])
    public static io.reactivex.Completable concat(java.lang.Iterable)
    public static io.reactivex.Completable concat(org.reactivestreams.Publisher)
    public static io.reactivex.Completable concat(org.reactivestreams.Publisher,int)
    public static io.reactivex.Completable create(io.reactivex.CompletableOnSubscribe)
    public static io.reactivex.Completable unsafeCreate(io.reactivex.CompletableSource)
    public static io.reactivex.Completable defer(java.util.concurrent.Callable)
    public static io.reactivex.Completable error(java.util.concurrent.Callable)
    public static io.reactivex.Completable error(java.lang.Throwable)
    public static io.reactivex.Completable fromAction(io.reactivex.functions.Action)
    public static io.reactivex.Completable fromCallable(java.util.concurrent.Callable)
    public static io.reactivex.Completable fromFuture(java.util.concurrent.Future)
    public static io.reactivex.Completable fromRunnable(java.lang.Runnable)
    public static io.reactivex.Completable fromObservable(io.reactivex.ObservableSource)
    public static io.reactivex.Completable fromPublisher(org.reactivestreams.Publisher)
io.reactivex.internal.operators.flowable.FlowablePublish$InnerSubscriber
androidx.core.provider.SelfDestructiveThread:
    public boolean isRunning()
    public int getGeneration()
    private static final int MSG_INVOKE_RUNNABLE
    private static final int MSG_DESTRUCTION
io.reactivex.rxkotlin.FlowablesKt$zipWith$2
io.reactivex.internal.operators.observable.ObservableMap
androidx.vectordrawable.R$style
androidx.core.animation.AnimatorKt$addListener$listener$1
androidx.annotation.UiThread
io.reactivex.functions.Cancellable
kotlin.text.MatcherMatchResult$groups$1$iterator$1
androidx.lifecycle.extensions.R$style